This is pdfTeX, Version 3.1415926-2.3-1.40.12 (Web2C 2011) (format=pdflatex 2011.12.5)  6 DEC 2011 03:21
entering extended mode
 restricted \write18 enabled.
 %&-line parsing enabled.
**report.tex
(./report.tex
LaTeX2e <2009/09/24>
Babel <v3.8l> and hyphenation patterns for english, dumylang, nohyphenation, ge
rman-x-2009-06-19, ngerman-x-2009-06-19, afrikaans, ancientgreek, ibycus, arabi
c, armenian, basque, bulgarian, catalan, pinyin, coptic, croatian, czech, danis
h, dutch, ukenglish, usenglishmax, esperanto, estonian, ethiopic, farsi, finnis
h, french, galician, german, ngerman, swissgerman, monogreek, greek, hungarian,
 icelandic, assamese, bengali, gujarati, hindi, kannada, malayalam, marathi, or
iya, panjabi, tamil, telugu, indonesian, interlingua, irish, italian, kurmanji,
 lao, latin, latvian, lithuanian, mongolian, mongolianlmc, bokmal, nynorsk, pol
ish, portuguese, romanian, russian, sanskrit, serbian, serbianc, slovak, sloven
ian, spanish, swedish, turkish, turkmen, ukrainian, uppersorbian, welsh, loaded
.
(c:/usr/texlive/2011/texmf-dist/tex/latex/base/article.cls
Document Class: article 2007/10/19 v1.4h Standard LaTeX document class
(c:/usr/texlive/2011/texmf-dist/tex/latex/base/size12.clo
File: size12.clo 2007/10/19 v1.4h Standard LaTeX file (size option)
)
\c@part=\count79
\c@section=\count80
\c@subsection=\count81
\c@subsubsection=\count82
\c@paragraph=\count83
\c@subparagraph=\count84
\c@figure=\count85
\c@table=\count86
\abovecaptionskip=\skip41
\belowcaptionskip=\skip42
\bibindent=\dimen102
)
(c:/usr/texlive/2011/texmf-dist/tex/latex/graphics/graphics.sty
Package: graphics 2009/02/05 v1.0o Standard LaTeX Graphics (DPC,SPQR)

(c:/usr/texlive/2011/texmf-dist/tex/latex/graphics/trig.sty
Package: trig 1999/03/16 v1.09 sin cos tan (DPC)
)
(c:/usr/texlive/2011/texmf-dist/tex/latex/latexconfig/graphics.cfg
File: graphics.cfg 2010/04/23 v1.9 graphics configuration of TeX Live
)
Package graphics Info: Driver file: pdftex.def on input line 91.

(c:/usr/texlive/2011/texmf-dist/tex/latex/pdftex-def/pdftex.def
File: pdftex.def 2011/05/27 v0.06d Graphics/color for pdfTeX

(c:/usr/texlive/2011/texmf-dist/tex/generic/oberdiek/infwarerr.sty
Package: infwarerr 2010/04/08 v1.3 Providing info/warning/message (HO)
)
(c:/usr/texlive/2011/texmf-dist/tex/generic/oberdiek/ltxcmds.sty
Package: ltxcmds 2011/04/18 v1.20 LaTeX kernel commands for general use (HO)
)
\Gread@gobject=\count87
))
(c:/usr/texlive/2011/texmf-dist/tex/latex/graphics/graphicx.sty
Package: graphicx 1999/02/16 v1.0f Enhanced LaTeX Graphics (DPC,SPQR)

(c:/usr/texlive/2011/texmf-dist/tex/latex/graphics/keyval.sty
Package: keyval 1999/03/16 v1.13 key=value parser (DPC)
\KV@toks@=\toks14
)
\Gin@req@height=\dimen103
\Gin@req@width=\dimen104
)
(c:/usr/texlive/2011/texmf-dist/tex/latex/subfigure/subfigure.sty
Package: subfigure 2002/03/15 v2.1.5 subfigure package
\subfigtopskip=\skip43
\subfigcapskip=\skip44
\subfigcaptopadj=\dimen105
\subfigbottomskip=\skip45
\subfigcapmargin=\dimen106
\subfiglabelskip=\skip46
\c@subfigure=\count88
\c@lofdepth=\count89
\c@subtable=\count90
\c@lotdepth=\count91

****************************************
* Local config file subfigure.cfg used *
****************************************
(c:/usr/texlive/2011/texmf-dist/tex/latex/subfigure/subfigure.cfg)
\subfig@top=\skip47
\subfig@bottom=\skip48
)
(c:/usr/texlive/2011/texmf-dist/tex/latex/amsmath/amsmath.sty
Package: amsmath 2000/07/18 v2.13 AMS math features
\@mathmargin=\skip49

For additional information on amsmath, use the `?' option.
(c:/usr/texlive/2011/texmf-dist/tex/latex/amsmath/amstext.sty
Package: amstext 2000/06/29 v2.01

(c:/usr/texlive/2011/texmf-dist/tex/latex/amsmath/amsgen.sty
File: amsgen.sty 1999/11/30 v2.0
\@emptytoks=\toks15
\ex@=\dimen107
))
(c:/usr/texlive/2011/texmf-dist/tex/latex/amsmath/amsbsy.sty
Package: amsbsy 1999/11/29 v1.2d
\pmbraise@=\dimen108
)
(c:/usr/texlive/2011/texmf-dist/tex/latex/amsmath/amsopn.sty
Package: amsopn 1999/12/14 v2.01 operator names
)
\inf@bad=\count92
LaTeX Info: Redefining \frac on input line 211.
\uproot@=\count93
\leftroot@=\count94
LaTeX Info: Redefining \overline on input line 307.
\classnum@=\count95
\DOTSCASE@=\count96
LaTeX Info: Redefining \ldots on input line 379.
LaTeX Info: Redefining \dots on input line 382.
LaTeX Info: Redefining \cdots on input line 467.
\Mathstrutbox@=\box26
\strutbox@=\box27
\big@size=\dimen109
LaTeX Font Info:    Redeclaring font encoding OML on input line 567.
LaTeX Font Info:    Redeclaring font encoding OMS on input line 568.
\macc@depth=\count97
\c@MaxMatrixCols=\count98
\dotsspace@=\muskip10
\c@parentequation=\count99
\dspbrk@lvl=\count100
\tag@help=\toks16
\row@=\count101
\column@=\count102
\maxfields@=\count103
\andhelp@=\toks17
\eqnshift@=\dimen110
\alignsep@=\dimen111
\tagshift@=\dimen112
\tagwidth@=\dimen113
\totwidth@=\dimen114
\lineht@=\dimen115
\@envbody=\toks18
\multlinegap=\skip50
\multlinetaggap=\skip51
\mathdisplay@stack=\toks19
LaTeX Info: Redefining \[ on input line 2666.
LaTeX Info: Redefining \] on input line 2667.
)
(c:/usr/texlive/2011/texmf-dist/tex/latex/hyperref/hyperref.sty
Package: hyperref 2011/04/17 v6.82g Hypertext links for LaTeX

(c:/usr/texlive/2011/texmf-dist/tex/generic/oberdiek/hobsub-hyperref.sty
Package: hobsub-hyperref 2011/04/23 v1.4 Bundle oberdiek, subset hyperref (HO)

(c:/usr/texlive/2011/texmf-dist/tex/generic/oberdiek/hobsub-generic.sty
Package: hobsub-generic 2011/04/23 v1.4 Bundle oberdiek, subset generic (HO)
Package: hobsub 2011/04/23 v1.4 Subsetting bundle oberdiek (HO)
Package hobsub Info: Skipping package `infwarerr' (already loaded).
Package hobsub Info: Skipping package `ltxcmds' (already loaded).
Package: ifluatex 2010/03/01 v1.3 Provides the ifluatex switch (HO)
Package ifluatex Info: LuaTeX not detected.
Package: ifvtex 2010/03/01 v1.5 Switches for detecting VTeX and its modes (HO)
Package ifvtex Info: VTeX not detected.
Package: intcalc 2007/09/27 v1.1 Expandable integer calculations (HO)
Package: ifpdf 2011/01/30 v2.3 Provides the ifpdf switch (HO)
Package ifpdf Info: pdfTeX in PDF mode is detected.
Package: etexcmds 2011/02/16 v1.5 Prefix for e-TeX command names (HO)
Package etexcmds Info: Could not find \expanded.
(etexcmds)             That can mean that you are not using pdfTeX 1.50 or
(etexcmds)             that some package has redefined \expanded.
(etexcmds)             In the latter case, load this package earlier.
Package: kvsetkeys 2011/04/07 v1.13 Key value parser (HO)
Package: kvdefinekeys 2011/04/07 v1.3 Defining keys (HO)
Package: pdftexcmds 2011/04/22 v0.16 Utilities of pdfTeX for LuaTeX (HO)
Package pdftexcmds Info: LuaTeX not detected.
Package pdftexcmds Info: \pdf@primitive is available.
Package pdftexcmds Info: \pdf@ifprimitive is available.
Package pdftexcmds Info: \pdfdraftmode found.
Package: pdfescape 2011/04/04 v1.12 Provides string conversions (HO)
Package: bigintcalc 2011/01/30 v1.2 Expandable big integer calculations (HO)
Package: bitset 2011/01/30 v1.1 Data type bit set (HO)
Package: uniquecounter 2011/01/30 v1.2 Provides unlimited unique counter (HO)
)
Package hobsub Info: Skipping package `hobsub' (already loaded).
Package: letltxmacro 2010/09/02 v1.4 Let assignment for LaTeX macros (HO)
Package: hopatch 2011/01/30 v1.0 Wrapper for package hooks (HO)
Package: xcolor-patch 2011/01/30 xcolor patch
Package: atveryend 2011/04/23 v1.7 Hooks at very end of document (HO)
Package atveryend Info: \enddocument detected (standard).
Package: atbegshi 2011/01/30 v1.15 At begin shipout hook (HO)
Package: refcount 2010/12/01 v3.2 Data extraction from references (HO)
Package: hycolor 2011/01/30 v1.7 Color options of hyperref/bookmark (HO)
)
(c:/usr/texlive/2011/texmf-dist/tex/generic/ifxetex/ifxetex.sty
Package: ifxetex 2010/09/12 v0.6 Provides ifxetex conditional
)
(c:/usr/texlive/2011/texmf-dist/tex/latex/oberdiek/kvoptions.sty
Package: kvoptions 2010/12/23 v3.10 Keyval support for LaTeX options (HO)
)
\@linkdim=\dimen116
\Hy@linkcounter=\count104
\Hy@pagecounter=\count105

(c:/usr/texlive/2011/texmf-dist/tex/latex/hyperref/pd1enc.def
File: pd1enc.def 2011/04/17 v6.82g Hyperref: PDFDocEncoding definition (HO)
)
\Hy@SavedSpaceFactor=\count106

(c:/usr/texlive/2011/texmf-dist/tex/latex/latexconfig/hyperref.cfg
File: hyperref.cfg 2002/06/06 v1.2 hyperref configuration of TeXLive
)
Package hyperref Info: Option `colorlinks' set `true' on input line 3905.
Package hyperref Info: Option `bookmarks' set `false' on input line 3905.
Package hyperref Info: Hyper figures OFF on input line 4026.
Package hyperref Info: Link nesting OFF on input line 4031.
Package hyperref Info: Hyper index ON on input line 4034.
Package hyperref Info: Plain pages OFF on input line 4041.
Package hyperref Info: Backreferencing OFF on input line 4046.
Package hyperref Info: Implicit mode ON; LaTeX internals redefined.
Package hyperref Info: Bookmarks OFF on input line 4270.
\c@Hy@tempcnt=\count107

(c:/usr/texlive/2011/texmf-dist/tex/latex/url/url.sty
\Urlmuskip=\muskip11
Package: url 2006/04/12  ver 3.3  Verb mode for urls, etc.
)
LaTeX Info: Redefining \url on input line 4617.
\Fld@menulength=\count108
\Field@Width=\dimen117
\Fld@charsize=\dimen118
Package hyperref Info: Hyper figures OFF on input line 5701.
Package hyperref Info: Link nesting OFF on input line 5706.
Package hyperref Info: Hyper index ON on input line 5709.
Package hyperref Info: backreferencing OFF on input line 5716.
Package hyperref Info: Link coloring ON on input line 5719.
Package hyperref Info: Link coloring with OCG OFF on input line 5726.
Package hyperref Info: PDF/A mode OFF on input line 5731.
LaTeX Info: Redefining \ref on input line 5771.
LaTeX Info: Redefining \pageref on input line 5775.
\Hy@abspage=\count109
\c@Item=\count110
\c@Hfootnote=\count111
)

Package hyperref Message: Driver (autodetected): hpdftex.

(c:/usr/texlive/2011/texmf-dist/tex/latex/hyperref/hpdftex.def
File: hpdftex.def 2011/04/17 v6.82g Hyperref driver for pdfTeX
\Fld@listcount=\count112
\c@bookmark@seq@number=\count113

(c:/usr/texlive/2011/texmf-dist/tex/latex/oberdiek/rerunfilecheck.sty
Package: rerunfilecheck 2011/04/15 v1.7 Rerun checks for auxiliary files (HO)
Package uniquecounter Info: New unique counter `rerunfilecheck' on input line 2
82.
)
\Hy@SectionHShift=\skip52
)
Package hyperref Info: Option `colorlinks' set `true' on input line 15.

(./report.aux)
\openout1 = `report.aux'.

LaTeX Font Info:    Checking defaults for OML/cmm/m/it on input line 38.
LaTeX Font Info:    ... okay on input line 38.
LaTeX Font Info:    Checking defaults for T1/cmr/m/n on input line 38.
LaTeX Font Info:    ... okay on input line 38.
LaTeX Font Info:    Checking defaults for OT1/cmr/m/n on input line 38.
LaTeX Font Info:    ... okay on input line 38.
LaTeX Font Info:    Checking defaults for OMS/cmsy/m/n on input line 38.
LaTeX Font Info:    ... okay on input line 38.
LaTeX Font Info:    Checking defaults for OMX/cmex/m/n on input line 38.
LaTeX Font Info:    ... okay on input line 38.
LaTeX Font Info:    Checking defaults for U/cmr/m/n on input line 38.
LaTeX Font Info:    ... okay on input line 38.
LaTeX Font Info:    Checking defaults for PD1/pdf/m/n on input line 38.
LaTeX Font Info:    ... okay on input line 38.
 (c:/usr/texlive/2011/texmf-dist/tex/context/base/supp-pdf.mkii
[Loading MPS to PDF converter (version 2006.09.02).]
\scratchcounter=\count114
\scratchdimen=\dimen119
\scratchbox=\box28
\nofMPsegments=\count115
\nofMParguments=\count116
\everyMPshowfont=\toks20
\MPscratchCnt=\count117
\MPscratchDim=\dimen120
\MPnumerator=\count118
\makeMPintoPDFobject=\count119
\everyMPtoPDFconversion=\toks21
) (c:/usr/texlive/2011/texmf-dist/tex/latex/oberdiek/epstopdf-base.sty
Package: epstopdf-base 2010/02/09 v2.5 Base part for package epstopdf

(c:/usr/texlive/2011/texmf-dist/tex/latex/oberdiek/grfext.sty
Package: grfext 2010/08/19 v1.1 Managing graphics extensions (HO)
)
Package grfext Info: Graphics extension search list:
(grfext)             [.png,.pdf,.jpg,.mps,.jpeg,.jbig2,.jb2,.PNG,.PDF,.JPG,.JPE
G,.JBIG2,.JB2,.eps]
(grfext)             \AppendGraphicsExtensions on input line 452.

(c:/usr/texlive/2011/texmf-dist/tex/latex/latexconfig/epstopdf-sys.cfg
File: epstopdf-sys.cfg 2010/07/13 v1.3 Configuration of (r)epstopdf for TeX Liv
e
))
\AtBeginShipoutBox=\box29

(c:/usr/texlive/2011/texmf-dist/tex/latex/graphics/color.sty
Package: color 2005/11/14 v1.0j Standard LaTeX Color (DPC)

(c:/usr/texlive/2011/texmf-dist/tex/latex/latexconfig/color.cfg
File: color.cfg 2007/01/18 v1.5 color configuration of teTeX/TeXLive
)
Package color Info: Driver file: pdftex.def on input line 130.
)
Package hyperref Info: Link coloring ON on input line 38.

(c:/usr/texlive/2011/texmf-dist/tex/latex/hyperref/nameref.sty
Package: nameref 2010/04/30 v2.40 Cross-referencing by name of section

(c:/usr/texlive/2011/texmf-dist/tex/generic/oberdiek/gettitlestring.sty
Package: gettitlestring 2010/12/03 v1.4 Cleanup title references (HO)
)
\c@section@level=\count120
)
LaTeX Info: Redefining \ref on input line 38.
LaTeX Info: Redefining \pageref on input line 38.
LaTeX Info: Redefining \nameref on input line 38.

[1

{c:/usr/texlive/2011/texmf-var/fonts/map/pdftex/updmap/pdftex.map}]
(./report.toc [2])
\tf@toc=\write3
\openout3 = `report.toc'.

 [3]
Package epstopdf Info: Source file: <word_segmentation.eps>
(epstopdf)                    date: 2011-12-06 03:20:28
(epstopdf)                    size: 7808 bytes
(epstopdf)             Output file: <word_segmentation-eps-converted-to.pdf>
(epstopdf)                    date: 2011-12-06 03:20:44
(epstopdf)                    size: 5894 bytes
(epstopdf)             Command: <repstopdf --outfile=word_segmentation-eps-conv
erted-to.pdf word_segmentation.eps>
(epstopdf)             \includegraphics on input line 70.
Package epstopdf Info: Output file is already uptodate.

<word_segmentation-eps-converted-to.pdf, id=94, 425.59pt x 57.21375pt>
File: word_segmentation-eps-converted-to.pdf Graphic file (type pdf)

<use word_segmentation-eps-converted-to.pdf>
Package pdftex.def Info: word_segmentation-eps-converted-to.pdf used on input l
ine 70.
(pdftex.def)             Requested size: 330.42033pt x 44.42224pt.
 [4 <./word_segmentation-eps-converted-to.pdf>] [5] [6]
Package epstopdf Info: Source file: <xyfeatures.eps>
(epstopdf)                    date: 2011-12-06 03:21:21
(epstopdf)                    size: 6369 bytes
(epstopdf)             Output file: <xyfeatures-eps-converted-to.pdf>
(epstopdf)             Command: <repstopdf --outfile=xyfeatures-eps-converted-t
o.pdf xyfeatures.eps>
(epstopdf)             \includegraphics on input line 124.
runsystem(repstopdf --outfile=xyfeatures-eps-converted-to.pdf xyfeatures.eps)..
.executed safely (allowed).

Package epstopdf Info: Result file: <xyfeatures-eps-converted-to.pdf>
(epstopdf)                    date: 2011-12-06 03:21:31
(epstopdf)                    size: 5273 bytes.

<xyfeatures-eps-converted-to.pdf, id=122, 196.735pt x 174.6525pt>
File: xyfeatures-eps-converted-to.pdf Graphic file (type pdf)

<use xyfeatures-eps-converted-to.pdf>
Package pdftex.def Info: xyfeatures-eps-converted-to.pdf used on input line 124
.
(pdftex.def)             Requested size: 137.71355pt x 122.2559pt.
 [7 <./xyfeatures-eps-converted-to.pdf>]
[8]
Package epstopdf Info: Source file: <training_data.eps>
(epstopdf)                    date: 2011-12-06 02:50:58
(epstopdf)                    size: 18105 bytes
(epstopdf)             Output file: <training_data-eps-converted-to.pdf>
(epstopdf)                    date: 2011-12-06 03:03:09
(epstopdf)                    size: 7766 bytes
(epstopdf)             Command: <repstopdf --outfile=training_data-eps-converte
d-to.pdf training_data.eps>
(epstopdf)             \includegraphics on input line 160.
Package epstopdf Info: Output file is already uptodate.
 <training_data-eps-converted-to.pdf, id=146, 453.695pt x 34.1275pt>
File: training_data-eps-converted-to.pdf Graphic file (type pdf)

<use training_data-eps-converted-to.pdf>
Package pdftex.def Info: training_data-eps-converted-to.pdf used on input line 
160.
(pdftex.def)             Requested size: 377.62633pt x 28.40547pt.
Package epstopdf Info: Source file: <multivariate_test.eps>
(epstopdf)                    date: 2011-12-06 02:50:58
(epstopdf)                    size: 10440 bytes
(epstopdf)             Output file: <multivariate_test-eps-converted-to.pdf>
(epstopdf)                    date: 2011-12-06 03:03:11
(epstopdf)                    size: 5095 bytes
(epstopdf)             Command: <repstopdf --outfile=multivariate_test-eps-conv
erted-to.pdf multivariate_test.eps>
(epstopdf)             \includegraphics on input line 171.
Package epstopdf Info: Output file is already uptodate.

<multivariate_test-eps-converted-to.pdf, id=150, 174.6525pt x 37.13875pt>
File: multivariate_test-eps-converted-to.pdf Graphic file (type pdf)

<use multivariate_test-eps-converted-to.pdf>
Package pdftex.def Info: multivariate_test-eps-converted-to.pdf used on input l
ine 171.
(pdftex.def)             Requested size: 236.01555pt x 50.19011pt.
 [9 <./training_data-eps-converted-to.pdf>]
LaTeX Font Info:    Try loading font information for OMS+cmr on input line 184.

 (c:/usr/texlive/2011/texmf-dist/tex/latex/base/omscmr.fd
File: omscmr.fd 1999/05/25 v2.5h Standard LaTeX font definitions
)
LaTeX Font Info:    Font shape `OMS/cmr/m/n' in size <12> not available
(Font)              Font shape `OMS/cmsy/m/n' tried instead on input line 184.
 [10 <./multivariate_test-eps-converted-to.pdf>]
Package epstopdf Info: Source file: <combined_predictions.eps>
(epstopdf)                    date: 2011-12-06 00:59:45
(epstopdf)                    size: 48361 bytes
(epstopdf)             Output file: <combined_predictions-eps-converted-to.pdf>

(epstopdf)                    date: 2011-12-06 01:00:56
(epstopdf)                    size: 18865 bytes
(epstopdf)             Command: <repstopdf --outfile=combined_predictions-eps-c
onverted-to.pdf combined_predictions.eps>
(epstopdf)             \includegraphics on input line 209.
Package epstopdf Info: Output file is already uptodate.

<combined_predictions-eps-converted-to.pdf, id=181, 287.0725pt x 256.96pt>
File: combined_predictions-eps-converted-to.pdf Graphic file (type pdf)

<use combined_predictions-eps-converted-to.pdf>
Package pdftex.def Info: combined_predictions-eps-converted-to.pdf used on inpu
t line 209.
(pdftex.def)             Requested size: 236.01555pt x 211.26532pt.
 [11 <./combined_predictions-eps-converted-to.pdf>] [12] [13] [14] [15]
No file report.bbl.
Package atveryend Info: Empty hook `BeforeClearDocument' on input line 294.
[16]
Package atveryend Info: Empty hook `AfterLastShipout' on input line 294.
 (./report.aux)
Package atveryend Info: Executing hook `AtVeryEndDocument' on input line 294.
Package atveryend Info: Empty hook `AtEndAfterFileList' on input line 294.
Package atveryend Info: Empty hook `AtVeryVeryEnd' on input line 294.
 ) 
Here is how much of TeX's memory you used:
 5839 strings out of 493633
 85080 string characters out of 3145073
 172219 words of memory out of 3000000
 9020 multiletter control sequences out of 15000+200000
 12663 words of font info for 45 fonts, out of 3000000 for 9000
 831 hyphenation exceptions out of 8191
 29i,12n,24p,1290b,383s stack positions out of 5000i,500n,10000p,200000b,50000s
<c:/usr/texlive/2011/texmf-dist/fonts/type1/public/amsfonts/cm/cmbx10.pfb><c:
/usr/texlive/2011/texmf-dist/fonts/type1/public/amsfonts/cm/cmbx12.pfb><c:/usr/
texlive/2011/texmf-dist/fonts/type1/public/amsfonts/cm/cmex10.pfb><c:/usr/texli
ve/2011/texmf-dist/fonts/type1/public/amsfonts/cm/cmmi12.pfb><c:/usr/texlive/20
11/texmf-dist/fonts/type1/public/amsfonts/cm/cmmi8.pfb><c:/usr/texlive/2011/tex
mf-dist/fonts/type1/public/amsfonts/cm/cmr10.pfb><c:/usr/texlive/2011/texmf-dis
t/fonts/type1/public/amsfonts/cm/cmr12.pfb><c:/usr/texlive/2011/texmf-dist/font
s/type1/public/amsfonts/cm/cmr17.pfb><c:/usr/texlive/2011/texmf-dist/fonts/type
1/public/amsfonts/cm/cmr7.pfb><c:/usr/texlive/2011/texmf-dist/fonts/type1/publi
c/amsfonts/cm/cmr8.pfb><c:/usr/texlive/2011/texmf-dist/fonts/type1/public/amsfo
nts/cm/cmsy10.pfb><c:/usr/texlive/2011/texmf-dist/fonts/type1/public/amsfonts/c
m/cmsy8.pfb><c:/usr/texlive/2011/texmf-dist/fonts/type1/public/amsfonts/cm/cmti
12.pfb>
Output written on report.pdf (16 pages, 214053 bytes).
PDF statistics:
 291 PDF objects out of 1000 (max. 8388607)
 241 compressed objects within 3 object streams
 68 named destinations out of 1000 (max. 500000)
 26 words of extra memory for PDF output out of 10000 (max. 10000000)

